# CG Log - Журнал изменений проекта

## 2023-06-08: Добавление TelegrafBotTester и тестов для аватар-ботов

**Задача:** Создать инструмент для тестирования Telegram ботов и добавить тесты для аватар-ботов.

**Выполненные действия:**

1. Анализ существующих компонентов тестирования:
   - Изучен `TelegramSceneTester` для тестирования сцен
   - Изучены существующие мок-объекты для Telegram
   - Проанализированы существующие подходы к тестированию

2. Реализация класса `TelegrafBotTester`:
   - Создан файл `src/test-utils/testers/TelegrafBotTester.ts`
   - Реализованы методы для симуляции сообщений и кнопок
   - Добавлены функции проверки ответов бота
   - Реализована симуляция нажатий на инлайн-кнопки

3. Обновление вспомогательных компонентов:
   - Расширен интерфейс `AvatarBot` с добавлением поля `avatar_url`
   - Добавлены константы в `test-config.ts` для тестирования аватар-ботов
   - Обновлен файл `createMockAvatarBot.ts` для поддержки аватарок

4. Создание тестов для аватар-ботов:
   - Реализованы тесты базового взаимодействия
   - Добавлены тесты отправки изображений
   - Создан файл для запуска тестов

5. Добавление документации и скриптов:
   - Создан README.md с документацией по использованию TelegrafBotTester
   - Создан пример использования TelegrafBotTester
   - Добавлен bash-скрипт для запуска тестов
   - Обновлен CHANGELOG.md и создан PR.md

**Основные файлы:**
- `src/test-utils/testers/TelegrafBotTester.ts` - основной класс тестера
- `src/test-utils/tests/bots/avatarBotTest.ts` - тесты для аватар-ботов
- `src/test-utils/runAvatarBotTests.ts` - файл для запуска тестов
- `scripts/run-avatar-bot-tests.sh` - bash-скрипт запуска тестов

**Результаты:**
- Создан универсальный инструмент для тестирования Telegram ботов
- Реализованы тесты для аватар-ботов
- Добавлена документация и примеры использования
- Создан PR с описанием изменений

**Следующие шаги:**
- Расширить тесты для других типов ботов
- Добавить поддержку тестирования сложных сценариев взаимодействия
- Интегрировать с CI/CD для автоматического запуска тестов 